<?xml version="1.0" encoding="UTF-8"?>
<!-- Generated by org.testng.reporters.JUnitReportReporter -->
<testsuite hostname="DESKTOP-JAS0CHU" failures="0" tests="4" name="Testcase.MakeMyTripFlightSearch" time="20.483" errors="0" timestamp="2024-12-06T10:14:24 IST" skipped="0">
  <testcase classname="Testcase.MakeMyTripFlightSearch" name="ValidSeach" time="6.495"/>
  <testcase classname="Testcase.MakeMyTripFlightSearch" name="ValidSeach" time="11.834"/>
  <testcase classname="Testcase.MakeMyTripFlightSearch" name="SameCitySearch" time="1.388"/>
  <testcase classname="Testcase.MakeMyTripFlightSearch" name="SameCitySearch" time="0.766"/>
</testsuite> <!-- Testcase.MakeMyTripFlightSearch -->
